<?xml version="1.0" encoding="UTF-8"?>
<!-- Generated by org.testng.reporters.JUnitReportReporter -->
<testsuite skipped="0" hostname="JavaMachine" name="org.project.PositiveTests" tests="18" failures="0" timestamp="2025-02-18T18:50:39 MSK" time="0.175" errors="0">
  <testcase name="testRemoveDomainIpPairByDomain" time="0.011" classname="org.project.PositiveTests"/>
  <system-out/>
  <testcase name="testAddDomainIpPair" time="0.014" classname="org.project.PositiveTests"/>
  <system-out/>
  <testcase name="testGetDomainByIp" time="0.007" classname="org.project.PositiveTests"/>
  <system-out/>
  <testcase name="testRemoveDomainIpPairByDomain" time="0.013" classname="org.project.PositiveTests"/>
  <system-out/>
  <testcase name="testGetIpByDomain" time="0.006" classname="org.project.PositiveTests"/>
  <system-out/>
  <testcase name="testGetDomainByIp" time="0.009" classname="org.project.PositiveTests"/>
  <system-out/>
  <testcase name="testLoadJsonFromFile" time="0.005" classname="org.project.PositiveTests"/>
  <system-out/>
  <testcase name="testAddDomainIpPair" time="0.012" classname="org.project.PositiveTests"/>
  <system-out/>
  <testcase name="testAddDomainIpPair" time="0.031" classname="org.project.PositiveTests"/>
  <system-out/>
  <testcase name="testGetDomainByIp" time="0.007" classname="org.project.PositiveTests"/>
  <system-out/>
  <testcase name="testRemoveDomainIpPairByDomain" time="0.009" classname="org.project.PositiveTests"/>
  <system-out/>
  <testcase name="testGetIpByDomain" time="0.005" classname="org.project.PositiveTests"/>
  <system-out/>
  <testcase name="testIsValidIpv4" time="0.001" classname="org.project.PositiveTests"/>
  <system-out/>
  <testcase name="testGetIpByDomain" time="0.006" classname="org.project.PositiveTests"/>
  <system-out/>
  <testcase name="testRemoveDomainIpPairByIp" time="0.010" classname="org.project.PositiveTests"/>
  <system-out/>
  <testcase name="testRemoveDomainIpPairByIp" time="0.011" classname="org.project.PositiveTests"/>
  <system-out/>
  <testcase name="testRemoveDomainIpPairByIp" time="0.010" classname="org.project.PositiveTests"/>
  <system-out/>
  <testcase name="testPrintDomainIpPairs" time="0.008" classname="org.project.PositiveTests"/>
  <system-out/>
</testsuite> <!-- org.project.PositiveTests -->
