<?xml version="1.0" encoding="UTF-8"?>
<!-- Generated by org.testng.reporters.JUnitReportReporter -->
<testsuite skipped="0" hostname="JavaMachine" name="org.project.NegativeTests" tests="6" failures="0" timestamp="2025-02-18T18:50:39 MSK" time="2.925" errors="0">
  <testcase name="testInvalidKnownHostsPath" time="0.008" classname="org.project.NegativeTests"/>
  <system-out/>
  <testcase name="testInvalidPort" time="2.292" classname="org.project.NegativeTests"/>
  <system-out/>
  <testcase name="testInvalidPassword" time="0.142" classname="org.project.NegativeTests"/>
  <system-out/>
  <testcase name="testInvalidFilePath" time="0.245" classname="org.project.NegativeTests"/>
  <system-out/>
  <testcase name="testInvalidHost" time="0.042" classname="org.project.NegativeTests"/>
  <system-out/>
  <testcase name="testInvalidUsername" time="0.196" classname="org.project.NegativeTests"/>
  <system-out/>
</testsuite> <!-- org.project.NegativeTests -->
